2026-07-10 19:46:25,342 - INFO - 患者データを読み込みました: 1件
2026-07-10 19:46:25,343 - INFO - データ列: ['DoctorName', 'PatientName', 'PatientID', 'LensFactor', 'AConstant', 'AxialLength_R', 'MeasuredK1_R', 'MeasuredK2_R', 'OpticalACD_R', 'Refraction_R', 'IOLPower', 'Optic', 'Refraction']
2026-07-10 19:46:25,809 - ERROR - 一括処理エラー: BrowserType.launch: Executable doesn't exist at C:\Users\yokam\AppData\Local\ms-playwright\chromium_headless_shell-1228\chrome-headless-shell-win64\chrome-headless-shell.exe
╔════════════════════════════════════════════════════════════╗
║ Looks like Playwright was just installed or updated.       ║
║ Please run the following command to download new browsers: ║
║                                                            ║
║     playwright install                                     ║
║                                                            ║
║ <3 Playwright Team                                         ║
╚════════════════════════════════════════════════════════════╝
2026-07-10 19:46:25,810 - ERROR - メイン実行エラー: BrowserType.launch: Executable doesn't exist at C:\Users\yokam\AppData\Local\ms-playwright\chromium_headless_shell-1228\chrome-headless-shell-win64\chrome-headless-shell.exe
╔════════════════════════════════════════════════════════════╗
║ Looks like Playwright was just installed or updated.       ║
║ Please run the following command to download new browsers: ║
║                                                            ║
║     playwright install                                     ║
║                                                            ║
║ <3 Playwright Team                                         ║
╚════════════════════════════════════════════════════════════╝
2026-07-10 19:47:19,840 - INFO - 患者データを読み込みました: 1件
2026-07-10 19:47:19,840 - INFO - データ列: ['DoctorName', 'PatientName', 'PatientID', 'LensFactor', 'AConstant', 'AxialLength_R', 'MeasuredK1_R', 'MeasuredK2_R', 'OpticalACD_R', 'Refraction_R', 'IOLPower', 'Optic', 'Refraction']
2026-07-10 19:47:22,580 - INFO - 処理中: KALADA (1/1)
2026-07-10 19:47:26,050 - INFO - 検出されたテキスト入力フィールド数: 19
2026-07-10 19:47:27,088 - INFO - DoctorName: attack01を入力
2026-07-10 19:47:28,143 - INFO - PatientName: KALADAを入力
2026-07-10 19:47:29,180 - INFO - PatientID: 105737を入力
2026-07-10 19:47:30,217 - INFO - LensFactor: 1.88を入力
2026-07-10 19:47:31,255 - INFO - AConstant: 118.99を入力
2026-07-10 19:47:32,298 - INFO - AxialLength_R: 23.33を入力
2026-07-10 19:47:33,334 - INFO - MeasuredK1_R: 44.75を入力
2026-07-10 19:47:34,372 - INFO - MeasuredK2_R: 44.25を入力
2026-07-10 19:47:35,412 - INFO - OpticalACD_R: 2.18を入力
2026-07-10 19:47:36,450 - INFO - Refraction_R: -0.03を入力
2026-07-10 19:47:37,451 - INFO - 全データ入力完了: KALADA
2026-07-10 19:47:38,119 - INFO - Calculateボタンをクリックしました
2026-07-10 19:47:41,828 - INFO - Universal Formulaタブをクリックしました
2026-07-10 19:47:45,876 - INFO - テーブルから抽出: IOL Power 21.5 → Refraction -0.82
2026-07-10 19:47:45,876 - INFO - Barrett値を取得: IOL Power 21.5 → Refraction -0.82
2026-07-10 19:47:45,877 - INFO - 成功: KALADA → Barrett: -0.82
2026-07-10 19:47:46,987 - INFO - 患者データをExcelファイルに保存しました: ..\APACdata_results_20260710194746.xlsx
2026-07-10 19:47:46,987 - INFO - 処理完了 - 成功: 1, エラー: 0
