2026-07-13 11:08:39,921 - INFO - 患者データを読み込みました: 72件
2026-07-13 11:08:39,921 - INFO - データ列: ['Surgeon', 'Patient', 'Surgeon.1', 'Patient.1', 'ID', 'Sex', 'AConstant', 'Target refraction', 'AL_OD', 'K1_OD', 'K2_OD', 'ACD_OD', 'IOLPower', 'Refraction']
2026-07-13 11:08:40,619 - INFO - 処理中: attack01 (1/72)
2026-07-13 11:08:50,498 - INFO - データ入力完了: attack01
2026-07-13 11:08:51,108 - INFO - Calculateボタンをクリックしました
2026-07-13 11:09:00,171 - INFO - 結果取得: IOL Power 21.5 → Refraction -0.77
2026-07-13 11:09:00,171 - INFO - 成功: attack01 → Refraction: -0.77
2026-07-13 11:09:01,172 - INFO - 処理中: attack02 (2/72)
2026-07-13 11:09:08,504 - INFO - データ入力完了: attack02
2026-07-13 11:09:09,093 - INFO - Calculateボタンをクリックしました
2026-07-13 11:09:18,697 - INFO - 結果取得: IOL Power 22.0 → Refraction -0.46
2026-07-13 11:09:18,698 - INFO - 成功: attack02 → Refraction: -0.46
2026-07-13 11:09:19,698 - INFO - 処理中: attack03 (3/72)
2026-07-13 11:09:27,035 - INFO - データ入力完了: attack03
2026-07-13 11:09:27,627 - INFO - Calculateボタンをクリックしました
2026-07-13 11:09:36,417 - INFO - 結果取得: IOL Power 24.5 → Refraction -0.99
2026-07-13 11:09:36,417 - INFO - 成功: attack03 → Refraction: -0.99
2026-07-13 11:09:37,418 - INFO - 処理中: attack04 (4/72)
2026-07-13 11:09:44,745 - INFO - データ入力完了: attack04
2026-07-13 11:09:45,339 - INFO - Calculateボタンをクリックしました
2026-07-13 11:09:53,887 - INFO - 結果取得: IOL Power 27.5 → Refraction -1.14
2026-07-13 11:09:53,888 - INFO - 成功: attack04 → Refraction: -1.14
2026-07-13 11:09:54,888 - INFO - 処理中: attack05 (5/72)
2026-07-13 11:10:02,206 - INFO - データ入力完了: attack05
2026-07-13 11:10:02,787 - INFO - Calculateボタンをクリックしました
2026-07-13 11:10:14,434 - INFO - 結果取得: IOL Power 25.5 → Refraction -0.25
2026-07-13 11:10:14,435 - INFO - 成功: attack05 → Refraction: -0.25
2026-07-13 11:10:15,435 - INFO - 処理中: attack06 (6/72)
2026-07-13 11:10:22,743 - INFO - データ入力完了: attack06
2026-07-13 11:10:23,319 - INFO - Calculateボタンをクリックしました
2026-07-13 11:10:32,925 - INFO - 結果取得: IOL Power 23.5 → Refraction -0.87
2026-07-13 11:10:32,926 - INFO - 成功: attack06 → Refraction: -0.87
2026-07-13 11:10:33,926 - INFO - 処理中: attack07 (7/72)
2026-07-13 11:10:41,898 - INFO - データ入力完了: attack07
2026-07-13 11:10:42,460 - INFO - Calculateボタンをクリックしました
2026-07-13 11:10:52,554 - INFO - 結果取得: IOL Power 22.5 → Refraction -0.71
2026-07-13 11:10:52,555 - INFO - 成功: attack07 → Refraction: -0.71
2026-07-13 11:10:53,556 - INFO - 処理中: attack08 (8/72)
2026-07-13 11:11:00,834 - INFO - データ入力完了: attack08
2026-07-13 11:11:01,407 - INFO - Calculateボタンをクリックしました
2026-07-13 11:11:11,585 - INFO - 結果取得: IOL Power 26.0 → Refraction -0.73
2026-07-13 11:11:11,585 - INFO - 成功: attack08 → Refraction: -0.73
2026-07-13 11:11:12,586 - INFO - 処理中: attack09 (9/72)
2026-07-13 11:11:19,882 - INFO - データ入力完了: attack09
2026-07-13 11:11:20,485 - INFO - Calculateボタンをクリックしました
2026-07-13 11:11:29,053 - INFO - 結果取得: IOL Power 26.5 → Refraction -0.59
2026-07-13 11:11:29,053 - INFO - 成功: attack09 → Refraction: -0.59
2026-07-13 11:11:30,054 - INFO - 処理中: attack10 (10/72)
2026-07-13 11:11:37,366 - INFO - データ入力完了: attack10
2026-07-13 11:11:37,939 - INFO - Calculateボタンをクリックしました
2026-07-13 11:11:47,054 - INFO - 結果取得: IOL Power 23.0 → Refraction -0.98
2026-07-13 11:11:47,055 - INFO - 成功: attack10 → Refraction: -0.98
2026-07-13 11:11:48,055 - INFO - 処理中: attack11 (11/72)
2026-07-13 11:11:55,360 - INFO - データ入力完了: attack11
2026-07-13 11:11:55,967 - INFO - Calculateボタンをクリックしました
2026-07-13 11:12:06,063 - INFO - 結果取得: IOL Power 26.5 → Refraction -0.45
2026-07-13 11:12:06,063 - INFO - 成功: attack11 → Refraction: -0.45
2026-07-13 11:12:07,064 - INFO - 処理中: attack12 (12/72)
2026-07-13 11:12:14,522 - INFO - データ入力完了: attack12
2026-07-13 11:12:15,099 - INFO - Calculateボタンをクリックしました
2026-07-13 11:12:24,375 - INFO - 結果取得: IOL Power 24.5 → Refraction -0.11
2026-07-13 11:12:24,376 - INFO - 成功: attack12 → Refraction: -0.11
2026-07-13 11:12:25,377 - INFO - 処理中: attack13 (13/72)
2026-07-13 11:12:32,755 - INFO - データ入力完了: attack13
2026-07-13 11:12:33,342 - INFO - Calculateボタンをクリックしました
2026-07-13 11:12:42,998 - INFO - 結果取得: IOL Power 25.0 → Refraction -0.08
2026-07-13 11:12:42,998 - INFO - 成功: attack13 → Refraction: -0.08
2026-07-13 11:12:43,998 - INFO - 処理中: attack14 (14/72)
2026-07-13 11:12:51,406 - INFO - データ入力完了: attack14
2026-07-13 11:12:51,974 - INFO - Calculateボタンをクリックしました
2026-07-13 11:13:01,067 - INFO - 結果取得: IOL Power 25.5 → Refraction -0.8
2026-07-13 11:13:01,067 - INFO - 成功: attack14 → Refraction: -0.8
2026-07-13 11:13:02,068 - INFO - 処理中: attack15 (15/72)
2026-07-13 11:13:09,755 - INFO - データ入力完了: attack15
2026-07-13 11:13:10,333 - INFO - Calculateボタンをクリックしました
2026-07-13 11:13:19,430 - INFO - 結果取得: IOL Power 26.0 → Refraction -1.24
2026-07-13 11:13:19,430 - INFO - 成功: attack15 → Refraction: -1.24
2026-07-13 11:13:20,431 - INFO - 処理中: attack16 (16/72)
2026-07-13 11:13:27,698 - INFO - データ入力完了: attack16
2026-07-13 11:13:28,275 - INFO - Calculateボタンをクリックしました
2026-07-13 11:13:37,879 - INFO - 結果取得: IOL Power 25.5 → Refraction -0.36
2026-07-13 11:13:37,880 - INFO - 成功: attack16 → Refraction: -0.36
2026-07-13 11:13:38,880 - INFO - 処理中: attack17 (17/72)
2026-07-13 11:13:46,126 - INFO - データ入力完了: attack17
2026-07-13 11:13:46,704 - INFO - Calculateボタンをクリックしました
2026-07-13 11:13:56,316 - INFO - 結果取得: IOL Power 25.5 → Refraction -0.56
2026-07-13 11:13:56,317 - INFO - 成功: attack17 → Refraction: -0.56
2026-07-13 11:13:57,317 - INFO - 処理中: attack18 (18/72)
2026-07-13 11:14:04,563 - INFO - データ入力完了: attack18
2026-07-13 11:14:05,147 - INFO - Calculateボタンをクリックしました
2026-07-13 11:14:15,269 - INFO - 結果取得: IOL Power 25.5 → Refraction -0.98
2026-07-13 11:14:15,269 - INFO - 成功: attack18 → Refraction: -0.98
2026-07-13 11:14:16,270 - INFO - 処理中: attack19 (19/72)
2026-07-13 11:14:23,668 - INFO - データ入力完了: attack19
2026-07-13 11:14:24,247 - INFO - Calculateボタンをクリックしました
2026-07-13 11:14:32,836 - INFO - 結果取得: IOL Power 24.5 → Refraction -0.06
2026-07-13 11:14:32,836 - INFO - 成功: attack19 → Refraction: -0.06
2026-07-13 11:14:33,837 - INFO - 処理中: attack20 (20/72)
2026-07-13 11:14:41,404 - INFO - データ入力完了: attack20
2026-07-13 11:14:41,968 - INFO - Calculateボタンをクリックしました
2026-07-13 11:14:50,553 - INFO - 結果取得: IOL Power 22.5 → Refraction -0.6
2026-07-13 11:14:50,553 - INFO - 成功: attack20 → Refraction: -0.6
2026-07-13 11:14:51,554 - INFO - 処理中: attack21 (21/72)
2026-07-13 11:14:59,000 - INFO - データ入力完了: attack21
2026-07-13 11:14:59,580 - INFO - Calculateボタンをクリックしました
2026-07-13 11:15:09,726 - INFO - 結果取得: IOL Power 23.5 → Refraction -0.55
2026-07-13 11:15:09,726 - INFO - 成功: attack21 → Refraction: -0.55
2026-07-13 11:15:10,727 - INFO - 処理中: attack22 (22/72)
2026-07-13 11:15:18,027 - INFO - データ入力完了: attack22
2026-07-13 11:15:18,620 - INFO - Calculateボタンをクリックしました
2026-07-13 11:15:27,721 - INFO - 結果取得: IOL Power 27.0 → Refraction -1.21
2026-07-13 11:15:27,721 - INFO - 成功: attack22 → Refraction: -1.21
2026-07-13 11:15:28,722 - INFO - 処理中: attack23 (23/72)
2026-07-13 11:15:35,975 - INFO - データ入力完了: attack23
2026-07-13 11:15:36,586 - INFO - Calculateボタンをクリックしました
2026-07-13 11:15:45,191 - INFO - 結果取得: IOL Power 26.0 → Refraction -0.97
2026-07-13 11:15:45,192 - INFO - 成功: attack23 → Refraction: -0.97
2026-07-13 11:15:46,192 - INFO - 処理中: attack24 (24/72)
2026-07-13 11:15:53,568 - INFO - データ入力完了: attack24
2026-07-13 11:15:54,164 - INFO - Calculateボタンをクリックしました
2026-07-13 11:16:03,271 - INFO - 結果取得: IOL Power 23.0 → Refraction -0.21
2026-07-13 11:16:03,271 - INFO - 成功: attack24 → Refraction: -0.21
2026-07-13 11:16:04,272 - INFO - 処理中: attack25 (25/72)
2026-07-13 11:16:11,898 - INFO - データ入力完了: attack25
2026-07-13 11:16:12,476 - INFO - Calculateボタンをクリックしました
2026-07-13 11:16:21,212 - INFO - 結果取得: IOL Power 21.5 → Refraction -1.54
2026-07-13 11:16:21,212 - INFO - 成功: attack25 → Refraction: -1.54
2026-07-13 11:16:22,213 - INFO - 処理中: attack26 (26/72)
2026-07-13 11:16:29,420 - INFO - データ入力完了: attack26
2026-07-13 11:16:29,998 - INFO - Calculateボタンをクリックしました
2026-07-13 11:16:38,577 - INFO - 結果取得: IOL Power 28.0 → Refraction 0.26
2026-07-13 11:16:38,578 - INFO - 成功: attack26 → Refraction: 0.26
2026-07-13 11:16:39,579 - INFO - 処理中: attack27 (27/72)
2026-07-13 11:16:46,953 - INFO - データ入力完了: attack27
2026-07-13 11:16:47,531 - INFO - Calculateボタンをクリックしました
2026-07-13 11:16:56,797 - INFO - 結果取得: IOL Power 23.5 → Refraction 0.11
2026-07-13 11:16:56,798 - INFO - 成功: attack27 → Refraction: 0.11
2026-07-13 11:16:57,799 - INFO - 処理中: attack28 (28/72)
2026-07-13 11:17:05,016 - INFO - データ入力完了: attack28
2026-07-13 11:17:05,580 - INFO - Calculateボタンをクリックしました
2026-07-13 11:17:15,203 - INFO - 結果取得: IOL Power 24.5 → Refraction -1.43
2026-07-13 11:17:15,203 - INFO - 成功: attack28 → Refraction: -1.43
2026-07-13 11:17:16,204 - INFO - 処理中: attack29 (29/72)
2026-07-13 11:17:23,377 - INFO - データ入力完了: attack29
2026-07-13 11:17:23,972 - INFO - Calculateボタンをクリックしました
2026-07-13 11:17:32,547 - INFO - 結果取得: IOL Power 22.5 → Refraction -0.83
2026-07-13 11:17:32,547 - INFO - 成功: attack29 → Refraction: -0.83
2026-07-13 11:17:33,548 - INFO - 処理中: attack30 (30/72)
2026-07-13 11:17:40,760 - INFO - データ入力完了: attack30
2026-07-13 11:17:41,852 - INFO - Calculateボタンをクリックしました
2026-07-13 11:17:50,441 - INFO - 結果取得: IOL Power 28.5 → Refraction -0.44
2026-07-13 11:17:50,441 - INFO - 成功: attack30 → Refraction: -0.44
2026-07-13 11:17:51,442 - INFO - 処理中: attack31 (31/72)
2026-07-13 11:17:58,673 - INFO - データ入力完了: attack31
2026-07-13 11:17:59,265 - INFO - Calculateボタンをクリックしました
2026-07-13 11:18:09,395 - INFO - 結果取得: IOL Power 22.0 → Refraction -0.91
2026-07-13 11:18:09,395 - INFO - 成功: attack31 → Refraction: -0.91
2026-07-13 11:18:10,396 - INFO - 処理中: attack32 (32/72)
2026-07-13 11:18:17,958 - INFO - データ入力完了: attack32
2026-07-13 11:18:18,538 - INFO - Calculateボタンをクリックしました
2026-07-13 11:18:32,794 - INFO - 結果取得: IOL Power 24.5 → Refraction 0.0
2026-07-13 11:18:32,795 - INFO - 成功: attack32 → Refraction: 0.0
2026-07-13 11:18:33,795 - INFO - 処理中: attack33 (33/72)
2026-07-13 11:18:41,076 - INFO - データ入力完了: attack33
2026-07-13 11:18:41,720 - INFO - Calculateボタンをクリックしました
2026-07-13 11:18:50,814 - INFO - 結果取得: IOL Power 23.0 → Refraction -0.04
2026-07-13 11:18:50,814 - INFO - 成功: attack33 → Refraction: -0.04
2026-07-13 11:18:51,815 - INFO - 処理中: attack34 (34/72)
2026-07-13 11:18:59,013 - INFO - データ入力完了: attack34
2026-07-13 11:18:59,591 - INFO - Calculateボタンをクリックしました
2026-07-13 11:19:11,754 - INFO - 結果取得: IOL Power 24.0 → Refraction -1.32
2026-07-13 11:19:11,755 - INFO - 成功: attack34 → Refraction: -1.32
2026-07-13 11:19:12,755 - INFO - 処理中: attack35 (35/72)
2026-07-13 11:19:20,061 - INFO - データ入力完了: attack35
2026-07-13 11:19:20,653 - INFO - Calculateボタンをクリックしました
2026-07-13 11:19:30,268 - INFO - 結果取得: IOL Power 30.0 → Refraction -1.06
2026-07-13 11:19:30,268 - INFO - 成功: attack35 → Refraction: -1.06
2026-07-13 11:19:31,269 - INFO - 処理中: attack36 (36/72)
2026-07-13 11:19:38,639 - INFO - データ入力完了: attack36
2026-07-13 11:19:39,398 - INFO - Calculateボタンをクリックしました
2026-07-13 11:19:48,548 - INFO - 結果取得: IOL Power 23.5 → Refraction -0.72
2026-07-13 11:19:48,548 - INFO - 成功: attack36 → Refraction: -0.72
2026-07-13 11:19:49,549 - INFO - 処理中: attack01 (37/72)
2026-07-13 11:19:57,129 - INFO - データ入力完了: attack01
2026-07-13 11:19:57,713 - INFO - Calculateボタンをクリックしました
2026-07-13 11:20:07,803 - INFO - 結果取得: IOL Power 21.5 → Refraction -0.1
2026-07-13 11:20:07,803 - INFO - 成功: attack01 → Refraction: -0.1
2026-07-13 11:20:08,804 - INFO - 処理中: attack02 (38/72)
2026-07-13 11:20:16,339 - INFO - データ入力完了: attack02
2026-07-13 11:20:16,918 - INFO - Calculateボタンをクリックしました
2026-07-13 11:20:27,045 - WARNING - IOL Power 22.0 が結果テーブルに見つかりません
2026-07-13 11:20:27,177 - ERROR - メイン実行エラー: Invalid value 'エラー: Invalid value '計算エラー' for dtype 'float64'' for dtype 'float64'
